16:35:01.597 [main] INFO  c.b.w.WhatsAppChatbotApplication - Starting WhatsAppChatbotApplication using Java 23 with PID 20024 (C:\Users\prata\Desktop\whatsApp-Chatbot\whatsApp-Chatbot\target\classes started by prata in C:\Users\prata\Desktop\whatsApp-Chatbot)
16:35:01.607 [main] DEBUG c.b.w.WhatsAppChatbotApplication - Running with Spring Boot v4.0.5, Spring v7.0.6
16:35:01.609 [main] INFO  c.b.w.WhatsAppChatbotApplication - No active profile set, falling back to 1 default profile: "default"
16:35:02.038 [background-preinit] INFO  o.h.validator.internal.util.Version - HV000001: Hibernate Validator 9.0.1.Final
16:35:03.297 [main] INFO  o.s.boot.tomcat.TomcatWebServer - Tomcat initialized with port 8080 (http)
16:35:03.313 [main] INFO  o.a.coyote.http11.Http11NioProtocol - Initializing ProtocolHandler ["http-nio-8080"]
16:35:03.317 [main] INFO  o.a.catalina.core.StandardService - Starting service [Tomcat]
16:35:03.318 [main] INFO  o.a.catalina.core.StandardEngine - Starting Servlet engine: [Apache Tomcat/11.0.20]
16:35:03.381 [main] INFO  o.s.b.w.c.s.WebApplicationContextInitializer - Root WebApplicationContext: initialization completed in 1611 ms
16:35:03.885 [main] INFO  o.a.coyote.http11.Http11NioProtocol - Starting ProtocolHandler ["http-nio-8080"]
16:35:03.910 [main] INFO  o.s.boot.tomcat.TomcatWebServer - Tomcat started on port 8080 (http) with context path '/'
16:35:03.916 [main] INFO  c.b.w.WhatsAppChatbotApplication - Started WhatsAppChatbotApplication in 2.992 seconds (process running for 4.079)
16:35:08.973 [http-nio-8080-exec-1] INFO  o.a.c.c.C.[Tomcat].[localhost].[/] - Initializing Spring DispatcherServlet 'dispatcherServlet'
16:35:08.974 [http-nio-8080-exec-1] INFO  o.s.web.servlet.DispatcherServlet - Initializing Servlet 'dispatcherServlet'
16:35:08.979 [http-nio-8080-exec-1] INFO  o.s.web.servlet.DispatcherServlet - Completed initialization in 4 ms
16:35:09.507 [http-nio-8080-exec-1] INFO  c.b.w.Controllers.PostController - POST /send called
16:35:09.508 [http-nio-8080-exec-1] INFO  c.b.w.Service.ChatService - Message Incoming : 'NO'
16:35:09.509 [http-nio-8080-exec-1] INFO  c.b.w.Service.ChatService - Message Outgoing : 'I don't understand'
16:35:20.861 [SpringApplicationShutdownHook] INFO  o.s.boot.tomcat.GracefulShutdown - Commencing graceful shutdown. Waiting for active requests to complete
16:35:20.878 [tomcat-shutdown] INFO  o.s.boot.tomcat.GracefulShutdown - Graceful shutdown complete
16:35:24.124 [main] INFO  c.b.w.WhatsAppChatbotApplication - Starting WhatsAppChatbotApplication using Java 23 with PID 23624 (C:\Users\prata\Desktop\whatsApp-Chatbot\whatsApp-Chatbot\target\classes started by prata in C:\Users\prata\Desktop\whatsApp-Chatbot)
16:35:24.130 [main] DEBUG c.b.w.WhatsAppChatbotApplication - Running with Spring Boot v4.0.5, Spring v7.0.6
16:35:24.132 [main] INFO  c.b.w.WhatsAppChatbotApplication - No active profile set, falling back to 1 default profile: "default"
16:35:24.586 [background-preinit] INFO  o.h.validator.internal.util.Version - HV000001: Hibernate Validator 9.0.1.Final
16:35:25.706 [main] INFO  o.s.boot.tomcat.TomcatWebServer - Tomcat initialized with port 8080 (http)
16:35:25.723 [main] INFO  o.a.coyote.http11.Http11NioProtocol - Initializing ProtocolHandler ["http-nio-8080"]
16:35:25.726 [main] INFO  o.a.catalina.core.StandardService - Starting service [Tomcat]
16:35:25.727 [main] INFO  o.a.catalina.core.StandardEngine - Starting Servlet engine: [Apache Tomcat/11.0.20]
16:35:25.797 [main] INFO  o.s.b.w.c.s.WebApplicationContextInitializer - Root WebApplicationContext: initialization completed in 1493 ms
16:35:26.357 [main] INFO  o.a.coyote.http11.Http11NioProtocol - Starting ProtocolHandler ["http-nio-8080"]
16:35:26.380 [main] INFO  o.s.boot.tomcat.TomcatWebServer - Tomcat started on port 8080 (http) with context path '/'
16:35:26.385 [main] INFO  c.b.w.WhatsAppChatbotApplication - Started WhatsAppChatbotApplication in 3.324 seconds (process running for 4.512)
